# Logfile created on 2014-06-16 10:18:33 -0700 by logger.rb/31641
I, [2014-06-16T10:18:33.075956 #23505]  INFO -- : 0:  rake (10.1.0) from /Users/bootcoder/.rvm/gems/ruby-1.9.3-p484@rails3tutorial2ndEd/specifications/rake-10.1.0.gemspec
I, [2014-06-16T10:18:33.076613 #23505]  INFO -- : 0:  i18n (0.6.1) from /Users/bootcoder/.rvm/gems/ruby-1.9.3-p484@rails3tutorial2ndEd/specifications/i18n-0.6.1.gemspec
I, [2014-06-16T10:18:33.077116 #23505]  INFO -- : 0:  multi_json (1.6.1) from /Users/bootcoder/.rvm/gems/ruby-1.9.3-p484@rails3tutorial2ndEd/specifications/multi_json-1.6.1.gemspec
I, [2014-06-16T10:18:33.077573 #23505]  INFO -- : 0:  activesupport (3.2.12) from /Users/bootcoder/.rvm/gems/ruby-1.9.3-p484@rails3tutorial2ndEd/specifications/activesupport-3.2.12.gemspec
I, [2014-06-16T10:18:33.078055 #23505]  INFO -- : 0:  builder (3.0.4) from /Users/bootcoder/.rvm/gems/ruby-1.9.3-p484@global/specifications/builder-3.0.4.gemspec
I, [2014-06-16T10:18:33.078528 #23505]  INFO -- : 0:  activemodel (3.2.12) from /Users/bootcoder/.rvm/gems/ruby-1.9.3-p484@rails3tutorial2ndEd/specifications/activemodel-3.2.12.gemspec
I, [2014-06-16T10:18:33.078986 #23505]  INFO -- : 0:  arel (3.0.2) from /Users/bootcoder/.rvm/gems/ruby-1.9.3-p484@rails3tutorial2ndEd/specifications/arel-3.0.2.gemspec
I, [2014-06-16T10:18:33.079474 #23505]  INFO -- : 0:  tzinfo (0.3.35) from /Users/bootcoder/.rvm/gems/ruby-1.9.3-p484@rails3tutorial2ndEd/specifications/tzinfo-0.3.35.gemspec
I, [2014-06-16T10:18:33.079958 #23505]  INFO -- : 0:  activerecord (3.2.12) from /Users/bootcoder/.rvm/gems/ruby-1.9.3-p484@rails3tutorial2ndEd/specifications/activerecord-3.2.12.gemspec
I, [2014-06-16T10:18:33.080419 #23505]  INFO -- : 0:  backports (3.3.3) from /Users/bootcoder/.rvm/gems/ruby-1.9.3-p484@rails3tutorial2ndEd/specifications/backports-3.3.3.gemspec
I, [2014-06-16T10:18:33.080867 #23505]  INFO -- : 0:  mime-types (2.1) from /Users/bootcoder/.rvm/gems/ruby-1.9.3-p484@rails3tutorial2ndEd/specifications/mime-types-2.1.gemspec
I, [2014-06-16T10:18:33.081366 #23505]  INFO -- : 0:  mini_portile (0.5.1) from /Users/bootcoder/.rvm/gems/ruby-1.9.3-p484@rails3tutorial2ndEd/specifications/mini_portile-0.5.1.gemspec
I, [2014-06-16T10:18:33.081879 #23505]  INFO -- : 0:  nokogiri (1.6.0) from /Users/bootcoder/.rvm/gems/ruby-1.9.3-p484@rails3tutorial2ndEd/specifications/nokogiri-1.6.0.gemspec
I, [2014-06-16T10:18:33.082354 #23505]  INFO -- : 0:  rack (1.5.2) from /Users/bootcoder/.rvm/gems/ruby-1.9.3-p484@rails3tutorial2ndEd/specifications/rack-1.5.2.gemspec
I, [2014-06-16T10:18:33.082800 #23505]  INFO -- : 0:  rack-test (0.6.2) from /Users/bootcoder/.rvm/gems/ruby-1.9.3-p484@global/specifications/rack-test-0.6.2.gemspec
I, [2014-06-16T10:18:33.083289 #23505]  INFO -- : 0:  xpath (2.0.0) from /Users/bootcoder/.rvm/gems/ruby-1.9.3-p484@rails3tutorial2ndEd/specifications/xpath-2.0.0.gemspec
I, [2014-06-16T10:18:33.083753 #23505]  INFO -- : 0:  capybara (2.1.0) from /Users/bootcoder/.rvm/gems/ruby-1.9.3-p484@rails3tutorial2ndEd/specifications/capybara-2.1.0.gemspec
I, [2014-06-16T10:18:33.084211 #23505]  INFO -- : 0:  daemons (1.1.9) from /Users/bootcoder/.rvm/gems/ruby-1.9.3-p484@rails3tutorial2ndEd/specifications/daemons-1.1.9.gemspec
I, [2014-06-16T10:18:33.084804 #23505]  INFO -- : 0:  diff-lcs (1.2.4) from /Users/bootcoder/.rvm/gems/ruby-1.9.3-p484@rails3tutorial2ndEd/specifications/diff-lcs-1.2.4.gemspec
I, [2014-06-16T10:18:33.085291 #23505]  INFO -- : 0:  eventmachine (1.0.3) from /Users/bootcoder/.rvm/gems/ruby-1.9.3-p484@rails3tutorial2ndEd/specifications/eventmachine-1.0.3.gemspec
I, [2014-06-16T10:18:33.085803 #23505]  INFO -- : 0:  factory_girl (4.2.0) from /Users/bootcoder/.rvm/gems/ruby-1.9.3-p484@rails3tutorial2ndEd/specifications/factory_girl-4.2.0.gemspec
I, [2014-06-16T10:18:33.086253 #23505]  INFO -- : 0:  faker (1.1.2) from /Users/bootcoder/.rvm/gems/ruby-1.9.3-p484@rails3tutorial2ndEd/specifications/faker-1.1.2.gemspec
I, [2014-06-16T10:18:33.087091 #23505]  INFO -- : 0:  pg (0.14.1) from /Users/bootcoder/.rvm/gems/ruby-1.9.3-p484@rails3tutorial2ndEd/specifications/pg-0.14.1.gemspec
I, [2014-06-16T10:18:33.087956 #23505]  INFO -- : 0:  rack-protection (1.5.0) from /Users/bootcoder/.rvm/gems/ruby-1.9.3-p484@rails3tutorial2ndEd/specifications/rack-protection-1.5.0.gemspec
I, [2014-06-16T10:18:33.088734 #23505]  INFO -- : 0:  rspec-core (2.14.5) from /Users/bootcoder/.rvm/gems/ruby-1.9.3-p484@rails3tutorial2ndEd/specifications/rspec-core-2.14.5.gemspec
I, [2014-06-16T10:18:33.089597 #23505]  INFO -- : 0:  rspec-expectations (2.14.2) from /Users/bootcoder/.rvm/gems/ruby-1.9.3-p484@rails3tutorial2ndEd/specifications/rspec-expectations-2.14.2.gemspec
I, [2014-06-16T10:18:33.090207 #23505]  INFO -- : 0:  rspec-mocks (2.14.3) from /Users/bootcoder/.rvm/gems/ruby-1.9.3-p484@rails3tutorial2ndEd/specifications/rspec-mocks-2.14.3.gemspec
I, [2014-06-16T10:18:33.091081 #23505]  INFO -- : 0:  rspec (2.14.1) from /Users/bootcoder/.rvm/gems/ruby-1.9.3-p484@rails3tutorial2ndEd/specifications/rspec-2.14.1.gemspec
I, [2014-06-16T10:18:33.103085 #23505]  INFO -- : 0:  shotgun (0.9) from /Users/bootcoder/.rvm/gems/ruby-1.9.3-p484@rails3tutorial2ndEd/specifications/shotgun-0.9.gemspec
I, [2014-06-16T10:18:33.103938 #23505]  INFO -- : 0:  shoulda-matchers (2.3.0) from /Users/bootcoder/.rvm/gems/ruby-1.9.3-p484@rails3tutorial2ndEd/specifications/shoulda-matchers-2.3.0.gemspec
I, [2014-06-16T10:18:33.104749 #23505]  INFO -- : 0:  tilt (1.4.1) from /Users/bootcoder/.rvm/gems/ruby-1.9.3-p484@global/specifications/tilt-1.4.1.gemspec
I, [2014-06-16T10:18:33.105605 #23505]  INFO -- : 0:  sinatra (1.4.3) from /Users/bootcoder/.rvm/gems/ruby-1.9.3-p484@rails3tutorial2ndEd/specifications/sinatra-1.4.3.gemspec
I, [2014-06-16T10:18:33.106449 #23505]  INFO -- : 0:  sinatra-contrib (1.4.1) from /Users/bootcoder/.rvm/gems/ruby-1.9.3-p484@rails3tutorial2ndEd/specifications/sinatra-contrib-1.4.1.gemspec
I, [2014-06-16T10:18:33.107278 #23505]  INFO -- : 0:  thin (1.5.0) from /Users/bootcoder/.rvm/gems/ruby-1.9.3-p484@rails3tutorial2ndEd/specifications/thin-1.5.0.gemspec
I, [2014-06-16T10:18:33.127116 #23505]  INFO -- : 0:  bundler (1.5.1) from /Users/bootcoder/.rvm/gems/ruby-1.9.3-p484@global/specifications/bundler-1.5.1.gemspec
I, [2014-06-16T12:10:12.042301 #26646]  INFO -- : 0:  rake (10.3.2) from /Users/bootcoder/.rvm/gems/ruby-1.9.3-p484@rails3tutorial2ndEd/specifications/rake-10.3.2.gemspec
I, [2014-06-16T12:10:12.042971 #26646]  INFO -- : 0:  i18n (0.6.9) from /Users/bootcoder/.rvm/gems/ruby-1.9.3-p484@global/specifications/i18n-0.6.9.gemspec
I, [2014-06-16T12:10:12.043407 #26646]  INFO -- : 0:  json (1.8.1) from /Users/bootcoder/.rvm/gems/ruby-1.9.3-p484@rails3tutorial2ndEd/specifications/json-1.8.1.gemspec
I, [2014-06-16T12:10:12.043842 #26646]  INFO -- : 0:  minitest (5.3.4) from /Users/bootcoder/.rvm/gems/ruby-1.9.3-p484@rails3tutorial2ndEd/specifications/minitest-5.3.4.gemspec
I, [2014-06-16T12:10:12.044268 #26646]  INFO -- : 0:  thread_safe (0.3.4) from /Users/bootcoder/.rvm/gems/ruby-1.9.3-p484@rails3tutorial2ndEd/specifications/thread_safe-0.3.4.gemspec
I, [2014-06-16T12:10:28.237322 #26646]  INFO -- : 0:  tzinfo (1.2.1) from /Users/bootcoder/.rvm/gems/ruby-1.9.3-p484@rails3tutorial2ndEd/specifications/tzinfo-1.2.1.gemspec
I, [2014-06-16T12:10:28.238387 #26646]  INFO -- : 0:  activesupport (4.1.1) from /Users/bootcoder/.rvm/gems/ruby-1.9.3-p484@rails3tutorial2ndEd/specifications/activesupport-4.1.1.gemspec
I, [2014-06-16T12:10:28.239169 #26646]  INFO -- : 0:  builder (3.2.2) from /Users/bootcoder/.rvm/gems/ruby-1.9.3-p484@rails3tutorial2ndEd/specifications/builder-3.2.2.gemspec
I, [2014-06-16T12:10:28.239964 #26646]  INFO -- : 0:  activemodel (4.1.1) from /Users/bootcoder/.rvm/gems/ruby-1.9.3-p484@rails3tutorial2ndEd/specifications/activemodel-4.1.1.gemspec
I, [2014-06-16T12:10:28.240726 #26646]  INFO -- : 0:  arel (5.0.1.20140414130214) from /Users/bootcoder/.rvm/gems/ruby-1.9.3-p484@rails3tutorial2ndEd/specifications/arel-5.0.1.20140414130214.gemspec
I, [2014-06-16T12:10:28.241464 #26646]  INFO -- : 0:  activerecord (4.1.1) from /Users/bootcoder/.rvm/gems/ruby-1.9.3-p484@rails3tutorial2ndEd/specifications/activerecord-4.1.1.gemspec
I, [2014-06-16T12:10:28.242264 #26646]  INFO -- : 0:  backports (3.6.0) from /Users/bootcoder/.rvm/gems/ruby-1.9.3-p484@rails3tutorial2ndEd/specifications/backports-3.6.0.gemspec
I, [2014-06-16T12:10:35.675398 #26646]  INFO -- : 0:  mime-types (2.3) from /Users/bootcoder/.rvm/gems/ruby-1.9.3-p484@rails3tutorial2ndEd/specifications/mime-types-2.3.gemspec
I, [2014-06-16T12:10:35.676114 #26646]  INFO -- : 0:  mini_portile (0.6.0) from /Users/bootcoder/.rvm/gems/ruby-1.9.3-p484@rails3tutorial2ndEd/specifications/mini_portile-0.6.0.gemspec
I, [2014-06-16T12:10:35.676543 #26646]  INFO -- : 0:  nokogiri (1.6.2.1) from /Users/bootcoder/.rvm/gems/ruby-1.9.3-p484@rails3tutorial2ndEd/specifications/nokogiri-1.6.2.1.gemspec
I, [2014-06-16T12:10:35.676977 #26646]  INFO -- : 0:  rack (1.5.2) from /Users/bootcoder/.rvm/gems/ruby-1.9.3-p484@rails3tutorial2ndEd/specifications/rack-1.5.2.gemspec
I, [2014-06-16T12:10:35.677405 #26646]  INFO -- : 0:  rack-test (0.6.2) from /Users/bootcoder/.rvm/gems/ruby-1.9.3-p484@global/specifications/rack-test-0.6.2.gemspec
I, [2014-06-16T12:10:35.677825 #26646]  INFO -- : 0:  xpath (2.0.0) from /Users/bootcoder/.rvm/gems/ruby-1.9.3-p484@rails3tutorial2ndEd/specifications/xpath-2.0.0.gemspec
I, [2014-06-16T12:10:40.680738 #26646]  INFO -- : 0:  capybara (2.3.0) from /Users/bootcoder/.rvm/gems/ruby-1.9.3-p484@rails3tutorial2ndEd/specifications/capybara-2.3.0.gemspec
I, [2014-06-16T12:10:40.681425 #26646]  INFO -- : 0:  daemons (1.1.9) from /Users/bootcoder/.rvm/gems/ruby-1.9.3-p484@rails3tutorial2ndEd/specifications/daemons-1.1.9.gemspec
I, [2014-06-16T12:10:40.681879 #26646]  INFO -- : 0:  diff-lcs (1.2.5) from /Users/bootcoder/.rvm/gems/ruby-1.9.3-p484@global/specifications/diff-lcs-1.2.5.gemspec
I, [2014-06-16T12:10:40.682361 #26646]  INFO -- : 0:  eventmachine (1.0.3) from /Users/bootcoder/.rvm/gems/ruby-1.9.3-p484@rails3tutorial2ndEd/specifications/eventmachine-1.0.3.gemspec
I, [2014-06-16T12:10:40.682786 #26646]  INFO -- : 0:  factory_girl (4.4.0) from /Users/bootcoder/.rvm/gems/ruby-1.9.3-p484@rails3tutorial2ndEd/specifications/factory_girl-4.4.0.gemspec
I, [2014-06-16T12:10:40.683232 #26646]  INFO -- : 0:  faker (1.3.0) from /Users/bootcoder/.rvm/gems/ruby-1.9.3-p484@rails3tutorial2ndEd/specifications/faker-1.3.0.gemspec
I, [2014-06-16T12:10:40.683738 #26646]  INFO -- : 0:  multi_json (1.10.1) from /Users/bootcoder/.rvm/gems/ruby-1.9.3-p484@rails3tutorial2ndEd/specifications/multi_json-1.10.1.gemspec
I, [2014-06-16T12:10:47.153946 #26646]  INFO -- : 0:  pg (0.17.1) from /Users/bootcoder/.rvm/gems/ruby-1.9.3-p484@rails3tutorial2ndEd/specifications/pg-0.17.1.gemspec
I, [2014-06-16T12:10:47.154742 #26646]  INFO -- : 0:  rack-protection (1.5.3) from /Users/bootcoder/.rvm/gems/ruby-1.9.3-p484@rails3tutorial2ndEd/specifications/rack-protection-1.5.3.gemspec
I, [2014-06-16T12:10:50.267657 #26646]  INFO -- : 0:  rspec-support (3.0.0) from /Users/bootcoder/.rvm/gems/ruby-1.9.3-p484@rails3tutorial2ndEd/specifications/rspec-support-3.0.0.gemspec
I, [2014-06-16T12:10:52.100095 #26646]  INFO -- : 0:  rspec-core (3.0.1) from /Users/bootcoder/.rvm/gems/ruby-1.9.3-p484@rails3tutorial2ndEd/specifications/rspec-core-3.0.1.gemspec
I, [2014-06-16T12:10:53.759990 #26646]  INFO -- : 0:  rspec-expectations (3.0.1) from /Users/bootcoder/.rvm/gems/ruby-1.9.3-p484@rails3tutorial2ndEd/specifications/rspec-expectations-3.0.1.gemspec
I, [2014-06-16T12:10:57.887922 #26646]  INFO -- : 0:  rspec-mocks (3.0.1) from /Users/bootcoder/.rvm/gems/ruby-1.9.3-p484@rails3tutorial2ndEd/specifications/rspec-mocks-3.0.1.gemspec
I, [2014-06-16T12:11:01.603015 #26646]  INFO -- : 0:  rspec (3.0.0) from /Users/bootcoder/.rvm/gems/ruby-1.9.3-p484@rails3tutorial2ndEd/specifications/rspec-3.0.0.gemspec
I, [2014-06-16T12:11:01.604020 #26646]  INFO -- : 0:  shotgun (0.9) from /Users/bootcoder/.rvm/gems/ruby-1.9.3-p484@rails3tutorial2ndEd/specifications/shotgun-0.9.gemspec
I, [2014-06-16T12:11:07.931099 #26646]  INFO -- : 0:  shoulda-matchers (2.6.1) from /Users/bootcoder/.rvm/gems/ruby-1.9.3-p484@rails3tutorial2ndEd/specifications/shoulda-matchers-2.6.1.gemspec
I, [2014-06-16T12:11:07.932271 #26646]  INFO -- : 0:  tilt (1.4.1) from /Users/bootcoder/.rvm/gems/ruby-1.9.3-p484@global/specifications/tilt-1.4.1.gemspec
I, [2014-06-16T12:11:07.933043 #26646]  INFO -- : 0:  sinatra (1.4.5) from /Users/bootcoder/.rvm/gems/ruby-1.9.3-p484@rails3tutorial2ndEd/specifications/sinatra-1.4.5.gemspec
I, [2014-06-16T12:11:11.929883 #26646]  INFO -- : 0:  sinatra-contrib (1.4.2) from /Users/bootcoder/.rvm/gems/ruby-1.9.3-p484@rails3tutorial2ndEd/specifications/sinatra-contrib-1.4.2.gemspec
I, [2014-06-16T12:11:17.013233 #26646]  INFO -- : 0:  thin (1.6.2) from /Users/bootcoder/.rvm/gems/ruby-1.9.3-p484@rails3tutorial2ndEd/specifications/thin-1.6.2.gemspec
I, [2014-06-16T12:11:17.014037 #26646]  INFO -- : 0:  bundler (1.5.1) from /Users/bootcoder/.rvm/gems/ruby-1.9.3-p484@global/specifications/bundler-1.5.1.gemspec
I, [2014-06-16T14:16:01.537491 #28384]  INFO -- : 0:  rake (10.3.2) from /Users/bootcoder/.rvm/gems/ruby-1.9.3-p484@rails3tutorial2ndEd/specifications/rake-10.3.2.gemspec
I, [2014-06-16T14:16:01.549377 #28384]  INFO -- : 0:  i18n (0.6.9) from /Users/bootcoder/.rvm/gems/ruby-1.9.3-p484@global/specifications/i18n-0.6.9.gemspec
I, [2014-06-16T14:16:01.549959 #28384]  INFO -- : 0:  json (1.8.1) from /Users/bootcoder/.rvm/gems/ruby-1.9.3-p484@rails3tutorial2ndEd/specifications/json-1.8.1.gemspec
I, [2014-06-16T14:16:01.550387 #28384]  INFO -- : 0:  minitest (5.3.4) from /Users/bootcoder/.rvm/gems/ruby-1.9.3-p484@rails3tutorial2ndEd/specifications/minitest-5.3.4.gemspec
I, [2014-06-16T14:16:01.550834 #28384]  INFO -- : 0:  thread_safe (0.3.4) from /Users/bootcoder/.rvm/gems/ruby-1.9.3-p484@rails3tutorial2ndEd/specifications/thread_safe-0.3.4.gemspec
I, [2014-06-16T14:16:01.551362 #28384]  INFO -- : 0:  tzinfo (1.2.1) from /Users/bootcoder/.rvm/gems/ruby-1.9.3-p484@rails3tutorial2ndEd/specifications/tzinfo-1.2.1.gemspec
I, [2014-06-16T14:16:01.551791 #28384]  INFO -- : 0:  activesupport (4.1.1) from /Users/bootcoder/.rvm/gems/ruby-1.9.3-p484@rails3tutorial2ndEd/specifications/activesupport-4.1.1.gemspec
I, [2014-06-16T14:16:01.552223 #28384]  INFO -- : 0:  builder (3.2.2) from /Users/bootcoder/.rvm/gems/ruby-1.9.3-p484@rails3tutorial2ndEd/specifications/builder-3.2.2.gemspec
I, [2014-06-16T14:16:01.552653 #28384]  INFO -- : 0:  activemodel (4.1.1) from /Users/bootcoder/.rvm/gems/ruby-1.9.3-p484@rails3tutorial2ndEd/specifications/activemodel-4.1.1.gemspec
I, [2014-06-16T14:16:01.553083 #28384]  INFO -- : 0:  arel (5.0.1.20140414130214) from /Users/bootcoder/.rvm/gems/ruby-1.9.3-p484@rails3tutorial2ndEd/specifications/arel-5.0.1.20140414130214.gemspec
I, [2014-06-16T14:16:01.553547 #28384]  INFO -- : 0:  activerecord (4.1.1) from /Users/bootcoder/.rvm/gems/ruby-1.9.3-p484@rails3tutorial2ndEd/specifications/activerecord-4.1.1.gemspec
I, [2014-06-16T14:16:01.553982 #28384]  INFO -- : 0:  backports (3.6.0) from /Users/bootcoder/.rvm/gems/ruby-1.9.3-p484@rails3tutorial2ndEd/specifications/backports-3.6.0.gemspec
I, [2014-06-16T14:16:01.554404 #28384]  INFO -- : 0:  mime-types (2.3) from /Users/bootcoder/.rvm/gems/ruby-1.9.3-p484@rails3tutorial2ndEd/specifications/mime-types-2.3.gemspec
I, [2014-06-16T14:16:01.554832 #28384]  INFO -- : 0:  mini_portile (0.6.0) from /Users/bootcoder/.rvm/gems/ruby-1.9.3-p484@rails3tutorial2ndEd/specifications/mini_portile-0.6.0.gemspec
I, [2014-06-16T14:16:01.555262 #28384]  INFO -- : 0:  nokogiri (1.6.2.1) from /Users/bootcoder/.rvm/gems/ruby-1.9.3-p484@rails3tutorial2ndEd/specifications/nokogiri-1.6.2.1.gemspec
I, [2014-06-16T14:16:01.555684 #28384]  INFO -- : 0:  rack (1.5.2) from /Users/bootcoder/.rvm/gems/ruby-1.9.3-p484@rails3tutorial2ndEd/specifications/rack-1.5.2.gemspec
I, [2014-06-16T14:16:01.556123 #28384]  INFO -- : 0:  rack-test (0.6.2) from /Users/bootcoder/.rvm/gems/ruby-1.9.3-p484@global/specifications/rack-test-0.6.2.gemspec
I, [2014-06-16T14:16:01.556541 #28384]  INFO -- : 0:  xpath (2.0.0) from /Users/bootcoder/.rvm/gems/ruby-1.9.3-p484@rails3tutorial2ndEd/specifications/xpath-2.0.0.gemspec
I, [2014-06-16T14:16:01.556969 #28384]  INFO -- : 0:  capybara (2.3.0) from /Users/bootcoder/.rvm/gems/ruby-1.9.3-p484@rails3tutorial2ndEd/specifications/capybara-2.3.0.gemspec
I, [2014-06-16T14:16:01.557428 #28384]  INFO -- : 0:  daemons (1.1.9) from /Users/bootcoder/.rvm/gems/ruby-1.9.3-p484@rails3tutorial2ndEd/specifications/daemons-1.1.9.gemspec
I, [2014-06-16T14:16:01.557865 #28384]  INFO -- : 0:  diff-lcs (1.2.5) from /Users/bootcoder/.rvm/gems/ruby-1.9.3-p484@global/specifications/diff-lcs-1.2.5.gemspec
I, [2014-06-16T14:16:01.558303 #28384]  INFO -- : 0:  eventmachine (1.0.3) from /Users/bootcoder/.rvm/gems/ruby-1.9.3-p484@rails3tutorial2ndEd/specifications/eventmachine-1.0.3.gemspec
I, [2014-06-16T14:16:01.558731 #28384]  INFO -- : 0:  factory_girl (4.4.0) from /Users/bootcoder/.rvm/gems/ruby-1.9.3-p484@rails3tutorial2ndEd/specifications/factory_girl-4.4.0.gemspec
I, [2014-06-16T14:16:01.559178 #28384]  INFO -- : 0:  faker (1.3.0) from /Users/bootcoder/.rvm/gems/ruby-1.9.3-p484@rails3tutorial2ndEd/specifications/faker-1.3.0.gemspec
I, [2014-06-16T14:16:01.559649 #28384]  INFO -- : 0:  multi_json (1.10.1) from /Users/bootcoder/.rvm/gems/ruby-1.9.3-p484@rails3tutorial2ndEd/specifications/multi_json-1.10.1.gemspec
I, [2014-06-16T14:16:01.560096 #28384]  INFO -- : 0:  pg (0.17.1) from /Users/bootcoder/.rvm/gems/ruby-1.9.3-p484@rails3tutorial2ndEd/specifications/pg-0.17.1.gemspec
I, [2014-06-16T14:16:01.560552 #28384]  INFO -- : 0:  rack-protection (1.5.3) from /Users/bootcoder/.rvm/gems/ruby-1.9.3-p484@rails3tutorial2ndEd/specifications/rack-protection-1.5.3.gemspec
I, [2014-06-16T14:16:01.560999 #28384]  INFO -- : 0:  rspec-support (3.0.0) from /Users/bootcoder/.rvm/gems/ruby-1.9.3-p484@rails3tutorial2ndEd/specifications/rspec-support-3.0.0.gemspec
I, [2014-06-16T14:16:01.561456 #28384]  INFO -- : 0:  rspec-core (3.0.1) from /Users/bootcoder/.rvm/gems/ruby-1.9.3-p484@rails3tutorial2ndEd/specifications/rspec-core-3.0.1.gemspec
I, [2014-06-16T14:16:01.561911 #28384]  INFO -- : 0:  rspec-expectations (3.0.1) from /Users/bootcoder/.rvm/gems/ruby-1.9.3-p484@rails3tutorial2ndEd/specifications/rspec-expectations-3.0.1.gemspec
I, [2014-06-16T14:16:01.562378 #28384]  INFO -- : 0:  rspec-mocks (3.0.1) from /Users/bootcoder/.rvm/gems/ruby-1.9.3-p484@rails3tutorial2ndEd/specifications/rspec-mocks-3.0.1.gemspec
I, [2014-06-16T14:16:01.563068 #28384]  INFO -- : 0:  rspec (3.0.0) from /Users/bootcoder/.rvm/gems/ruby-1.9.3-p484@rails3tutorial2ndEd/specifications/rspec-3.0.0.gemspec
I, [2014-06-16T14:16:01.563615 #28384]  INFO -- : 0:  shotgun (0.9) from /Users/bootcoder/.rvm/gems/ruby-1.9.3-p484@rails3tutorial2ndEd/specifications/shotgun-0.9.gemspec
I, [2014-06-16T14:16:01.564108 #28384]  INFO -- : 0:  shoulda-matchers (2.6.1) from /Users/bootcoder/.rvm/gems/ruby-1.9.3-p484@rails3tutorial2ndEd/specifications/shoulda-matchers-2.6.1.gemspec
I, [2014-06-16T14:16:01.564592 #28384]  INFO -- : 0:  tilt (1.4.1) from /Users/bootcoder/.rvm/gems/ruby-1.9.3-p484@global/specifications/tilt-1.4.1.gemspec
I, [2014-06-16T14:16:01.565086 #28384]  INFO -- : 0:  sinatra (1.4.5) from /Users/bootcoder/.rvm/gems/ruby-1.9.3-p484@rails3tutorial2ndEd/specifications/sinatra-1.4.5.gemspec
I, [2014-06-16T14:16:01.565574 #28384]  INFO -- : 0:  sinatra-contrib (1.4.2) from /Users/bootcoder/.rvm/gems/ruby-1.9.3-p484@rails3tutorial2ndEd/specifications/sinatra-contrib-1.4.2.gemspec
I, [2014-06-16T14:16:01.566067 #28384]  INFO -- : 0:  thin (1.6.2) from /Users/bootcoder/.rvm/gems/ruby-1.9.3-p484@rails3tutorial2ndEd/specifications/thin-1.6.2.gemspec
I, [2014-06-16T14:16:01.566540 #28384]  INFO -- : 0:  bundler (1.5.1) from /Users/bootcoder/.rvm/gems/ruby-1.9.3-p484@global/specifications/bundler-1.5.1.gemspec
I, [2014-06-16T14:16:48.332353 #28409]  INFO -- : 0:  rake (10.3.2) from /Users/bootcoder/.rvm/gems/ruby-1.9.3-p484@rails3tutorial2ndEd/specifications/rake-10.3.2.gemspec
I, [2014-06-16T14:16:48.333187 #28409]  INFO -- : 0:  i18n (0.6.9) from /Users/bootcoder/.rvm/gems/ruby-1.9.3-p484@global/specifications/i18n-0.6.9.gemspec
I, [2014-06-16T14:16:48.333656 #28409]  INFO -- : 0:  json (1.8.1) from /Users/bootcoder/.rvm/gems/ruby-1.9.3-p484@rails3tutorial2ndEd/specifications/json-1.8.1.gemspec
I, [2014-06-16T14:16:48.334201 #28409]  INFO -- : 0:  minitest (5.3.4) from /Users/bootcoder/.rvm/gems/ruby-1.9.3-p484@rails3tutorial2ndEd/specifications/minitest-5.3.4.gemspec
I, [2014-06-16T14:16:48.334662 #28409]  INFO -- : 0:  thread_safe (0.3.4) from /Users/bootcoder/.rvm/gems/ruby-1.9.3-p484@rails3tutorial2ndEd/specifications/thread_safe-0.3.4.gemspec
I, [2014-06-16T14:16:48.335127 #28409]  INFO -- : 0:  tzinfo (1.2.1) from /Users/bootcoder/.rvm/gems/ruby-1.9.3-p484@rails3tutorial2ndEd/specifications/tzinfo-1.2.1.gemspec
I, [2014-06-16T14:16:48.335603 #28409]  INFO -- : 0:  activesupport (4.1.1) from /Users/bootcoder/.rvm/gems/ruby-1.9.3-p484@rails3tutorial2ndEd/specifications/activesupport-4.1.1.gemspec
I, [2014-06-16T14:16:48.336083 #28409]  INFO -- : 0:  builder (3.2.2) from /Users/bootcoder/.rvm/gems/ruby-1.9.3-p484@rails3tutorial2ndEd/specifications/builder-3.2.2.gemspec
I, [2014-06-16T14:16:48.336553 #28409]  INFO -- : 0:  activemodel (4.1.1) from /Users/bootcoder/.rvm/gems/ruby-1.9.3-p484@rails3tutorial2ndEd/specifications/activemodel-4.1.1.gemspec
I, [2014-06-16T14:16:48.337016 #28409]  INFO -- : 0:  arel (5.0.1.20140414130214) from /Users/bootcoder/.rvm/gems/ruby-1.9.3-p484@rails3tutorial2ndEd/specifications/arel-5.0.1.20140414130214.gemspec
I, [2014-06-16T14:16:48.337471 #28409]  INFO -- : 0:  activerecord (4.1.1) from /Users/bootcoder/.rvm/gems/ruby-1.9.3-p484@rails3tutorial2ndEd/specifications/activerecord-4.1.1.gemspec
I, [2014-06-16T14:16:48.337923 #28409]  INFO -- : 0:  awesome_print (1.2.0) from /Users/bootcoder/.rvm/gems/ruby-1.9.3-p484@rails3tutorial2ndEd/specifications/awesome_print-1.2.0.gemspec
I, [2014-06-16T14:16:48.338375 #28409]  INFO -- : 0:  backports (3.6.0) from /Users/bootcoder/.rvm/gems/ruby-1.9.3-p484@rails3tutorial2ndEd/specifications/backports-3.6.0.gemspec
I, [2014-06-16T14:16:48.338834 #28409]  INFO -- : 0:  mime-types (2.3) from /Users/bootcoder/.rvm/gems/ruby-1.9.3-p484@rails3tutorial2ndEd/specifications/mime-types-2.3.gemspec
I, [2014-06-16T14:16:48.339283 #28409]  INFO -- : 0:  mini_portile (0.6.0) from /Users/bootcoder/.rvm/gems/ruby-1.9.3-p484@rails3tutorial2ndEd/specifications/mini_portile-0.6.0.gemspec
I, [2014-06-16T14:16:48.339746 #28409]  INFO -- : 0:  nokogiri (1.6.2.1) from /Users/bootcoder/.rvm/gems/ruby-1.9.3-p484@rails3tutorial2ndEd/specifications/nokogiri-1.6.2.1.gemspec
I, [2014-06-16T14:16:48.340197 #28409]  INFO -- : 0:  rack (1.5.2) from /Users/bootcoder/.rvm/gems/ruby-1.9.3-p484@rails3tutorial2ndEd/specifications/rack-1.5.2.gemspec
I, [2014-06-16T14:16:48.340653 #28409]  INFO -- : 0:  rack-test (0.6.2) from /Users/bootcoder/.rvm/gems/ruby-1.9.3-p484@global/specifications/rack-test-0.6.2.gemspec
I, [2014-06-16T14:16:48.341113 #28409]  INFO -- : 0:  xpath (2.0.0) from /Users/bootcoder/.rvm/gems/ruby-1.9.3-p484@rails3tutorial2ndEd/specifications/xpath-2.0.0.gemspec
I, [2014-06-16T14:16:48.341571 #28409]  INFO -- : 0:  capybara (2.3.0) from /Users/bootcoder/.rvm/gems/ruby-1.9.3-p484@rails3tutorial2ndEd/specifications/capybara-2.3.0.gemspec
I, [2014-06-16T14:16:48.342022 #28409]  INFO -- : 0:  daemons (1.1.9) from /Users/bootcoder/.rvm/gems/ruby-1.9.3-p484@rails3tutorial2ndEd/specifications/daemons-1.1.9.gemspec
I, [2014-06-16T14:16:48.342471 #28409]  INFO -- : 0:  diff-lcs (1.2.5) from /Users/bootcoder/.rvm/gems/ruby-1.9.3-p484@global/specifications/diff-lcs-1.2.5.gemspec
I, [2014-06-16T14:16:48.342955 #28409]  INFO -- : 0:  eventmachine (1.0.3) from /Users/bootcoder/.rvm/gems/ruby-1.9.3-p484@rails3tutorial2ndEd/specifications/eventmachine-1.0.3.gemspec
I, [2014-06-16T14:16:48.343426 #28409]  INFO -- : 0:  factory_girl (4.4.0) from /Users/bootcoder/.rvm/gems/ruby-1.9.3-p484@rails3tutorial2ndEd/specifications/factory_girl-4.4.0.gemspec
I, [2014-06-16T14:16:48.343882 #28409]  INFO -- : 0:  faker (1.3.0) from /Users/bootcoder/.rvm/gems/ruby-1.9.3-p484@rails3tutorial2ndEd/specifications/faker-1.3.0.gemspec
I, [2014-06-16T14:16:48.344398 #28409]  INFO -- : 0:  multi_json (1.10.1) from /Users/bootcoder/.rvm/gems/ruby-1.9.3-p484@rails3tutorial2ndEd/specifications/multi_json-1.10.1.gemspec
I, [2014-06-16T14:16:48.344885 #28409]  INFO -- : 0:  pg (0.17.1) from /Users/bootcoder/.rvm/gems/ruby-1.9.3-p484@rails3tutorial2ndEd/specifications/pg-0.17.1.gemspec
I, [2014-06-16T14:16:48.345362 #28409]  INFO -- : 0:  rack-protection (1.5.3) from /Users/bootcoder/.rvm/gems/ruby-1.9.3-p484@rails3tutorial2ndEd/specifications/rack-protection-1.5.3.gemspec
I, [2014-06-16T14:16:48.345813 #28409]  INFO -- : 0:  rspec-support (3.0.0) from /Users/bootcoder/.rvm/gems/ruby-1.9.3-p484@rails3tutorial2ndEd/specifications/rspec-support-3.0.0.gemspec
I, [2014-06-16T14:16:48.346274 #28409]  INFO -- : 0:  rspec-core (3.0.1) from /Users/bootcoder/.rvm/gems/ruby-1.9.3-p484@rails3tutorial2ndEd/specifications/rspec-core-3.0.1.gemspec
I, [2014-06-16T14:16:48.346746 #28409]  INFO -- : 0:  rspec-expectations (3.0.1) from /Users/bootcoder/.rvm/gems/ruby-1.9.3-p484@rails3tutorial2ndEd/specifications/rspec-expectations-3.0.1.gemspec
I, [2014-06-16T14:16:48.347206 #28409]  INFO -- : 0:  rspec-mocks (3.0.1) from /Users/bootcoder/.rvm/gems/ruby-1.9.3-p484@rails3tutorial2ndEd/specifications/rspec-mocks-3.0.1.gemspec
I, [2014-06-16T14:16:48.347659 #28409]  INFO -- : 0:  rspec (3.0.0) from /Users/bootcoder/.rvm/gems/ruby-1.9.3-p484@rails3tutorial2ndEd/specifications/rspec-3.0.0.gemspec
I, [2014-06-16T14:16:48.348117 #28409]  INFO -- : 0:  shotgun (0.9) from /Users/bootcoder/.rvm/gems/ruby-1.9.3-p484@rails3tutorial2ndEd/specifications/shotgun-0.9.gemspec
I, [2014-06-16T14:16:48.348637 #28409]  INFO -- : 0:  shoulda-matchers (2.6.1) from /Users/bootcoder/.rvm/gems/ruby-1.9.3-p484@rails3tutorial2ndEd/specifications/shoulda-matchers-2.6.1.gemspec
I, [2014-06-16T14:16:48.349099 #28409]  INFO -- : 0:  tilt (1.4.1) from /Users/bootcoder/.rvm/gems/ruby-1.9.3-p484@global/specifications/tilt-1.4.1.gemspec
I, [2014-06-16T14:16:48.349665 #28409]  INFO -- : 0:  sinatra (1.4.5) from /Users/bootcoder/.rvm/gems/ruby-1.9.3-p484@rails3tutorial2ndEd/specifications/sinatra-1.4.5.gemspec
I, [2014-06-16T14:16:48.350161 #28409]  INFO -- : 0:  sinatra-contrib (1.4.2) from /Users/bootcoder/.rvm/gems/ruby-1.9.3-p484@rails3tutorial2ndEd/specifications/sinatra-contrib-1.4.2.gemspec
I, [2014-06-16T14:16:48.350715 #28409]  INFO -- : 0:  thin (1.6.2) from /Users/bootcoder/.rvm/gems/ruby-1.9.3-p484@rails3tutorial2ndEd/specifications/thin-1.6.2.gemspec
I, [2014-06-16T14:16:48.351324 #28409]  INFO -- : 0:  bundler (1.5.1) from /Users/bootcoder/.rvm/gems/ruby-1.9.3-p484@global/specifications/bundler-1.5.1.gemspec
